android/app/build/intermediates/manifest_merge_blame_file/debug/manifest-merger-blame-debug-report.txt
1<?xml version="1.0" encoding="utf-8"?>
2<manifest xmlns:android="http://schemas.android.com/apk/res/android"
3    package="com.steadyphoto.sync.debug"
4    android:versionCode="1"
5    android:versionName="0.1.0-alpha-debug" >
6
7    <uses-sdk
8        android:minSdkVersion="26"
9        android:targetSdkVersion="34" />
10
11    <!-- Permissions for media scanning and upload -->
12    <uses-permission android:name="android.permission.INTERNET" />
12-->src/main/AndroidManifest.xml:6:5-67
12-->src/main/AndroidManifest.xml:6:22-64
13    <uses-permission android:name="android.permission.ACCESS_NETWORK_STATE" />
13-->src/main/AndroidManifest.xml:7:5-79
13-->src/main/AndroidManifest.xml:7:22-76
14
15    <!-- Storage permissions (Android 13+ uses granular permissions) -->
16    <uses-permission android:name="android.permission.READ_MEDIA_IMAGES" />
16-->src/main/AndroidManifest.xml:10:5-76
16-->src/main/AndroidManifest.xml:10:22-73
17    <uses-permission android:name="android.permission.READ_MEDIA_VIDEO" />
17-->src/main/AndroidManifest.xml:11:5-75
17-->src/main/AndroidManifest.xml:11:22-72
18    <uses-permission
18-->src/main/AndroidManifest.xml:12:5-13:38
19        android:name="android.permission.READ_EXTERNAL_STORAGE"
19-->src/main/AndroidManifest.xml:12:22-77
20        android:maxSdkVersion="32" />
20-->src/main/AndroidManifest.xml:13:9-35
21
22    <!-- Foreground service for background scanning/uploading -->
23    <uses-permission android:name="android.permission.FOREGROUND_SERVICE" />
23-->src/main/AndroidManifest.xml:16:5-77
23-->src/main/AndroidManifest.xml:16:22-74
24    <uses-permission android:name="android.permission.FOREGROUND_SERVICE_DATA_SYNC" />
24-->src/main/AndroidManifest.xml:17:5-87
24-->src/main/AndroidManifest.xml:17:22-84
25
26    <!-- Wake lock to prevent sleep during uploads -->
27    <uses-permission android:name="android.permission.WAKE_LOCK" />
27-->src/main/AndroidManifest.xml:20:5-68
27-->src/main/AndroidManifest.xml:20:22-65
28    <uses-permission android:name="android.permission.RECEIVE_BOOT_COMPLETED" />
28-->[androidx.work:work-runtime:2.9.0] AndroidManifest.xml:25:5-81
28-->[androidx.work:work-runtime:2.9.0] AndroidManifest.xml:25:22-78
29
30    <permission
30-->[androidx.core:core:1.12.0] AndroidManifest.xml:22:5-24:47
31        android:name="com.steadyphoto.sync.debug.DYNAMIC_RECEIVER_NOT_EXPORTED_PERMISSION"
31-->[androidx.core:core:1.12.0] AndroidManifest.xml:23:9-81
32        android:protectionLevel="signature" />
32-->[androidx.core:core:1.12.0] AndroidManifest.xml:24:9-44
33
34    <uses-permission android:name="com.steadyphoto.sync.debug.DYNAMIC_RECEIVER_NOT_EXPORTED_PERMISSION" />
34-->[androidx.core:core:1.12.0] AndroidManifest.xml:26:5-97
34-->[androidx.core:core:1.12.0] AndroidManifest.xml:26:22-94
35
36    <application
36-->src/main/AndroidManifest.xml:22:5-51:19
37        android:name="com.steadyphoto.sync.SteadyPhotoApplication"
37-->src/main/AndroidManifest.xml:23:9-47
38        android:allowBackup="true"
38-->src/main/AndroidManifest.xml:24:9-35
39        android:appComponentFactory="androidx.core.app.CoreComponentFactory"
39-->[androidx.core:core:1.12.0] AndroidManifest.xml:28:18-86
40        android:dataExtractionRules="@xml/data_extraction_rules"
40-->src/main/AndroidManifest.xml:25:9-65
41        android:debuggable="true"
42        android:extractNativeLibs="false"
43        android:fullBackupContent="@xml/backup_rules"
43-->src/main/AndroidManifest.xml:26:9-54
44        android:icon="@mipmap/ic_launcher"
44-->src/main/AndroidManifest.xml:27:9-43
45        android:label="@string/app_name"
45-->src/main/AndroidManifest.xml:28:9-41
46        android:roundIcon="@mipmap/ic_launcher_round"
46-->src/main/AndroidManifest.xml:29:9-54
47        android:supportsRtl="true"
47-->src/main/AndroidManifest.xml:30:9-35
48        android:theme="@style/Theme.SteadyPhotoSync" >
48-->src/main/AndroidManifest.xml:31:9-53
49
50        <!-- Main Activity (Settings & Status Screen) -->
51        <activity
51-->src/main/AndroidManifest.xml:35:9-43:20
52            android:name="com.steadyphoto.sync.ui.MainActivity"
52-->src/main/AndroidManifest.xml:36:13-44
53            android:exported="true"
53-->src/main/AndroidManifest.xml:37:13-36
54            android:theme="@style/Theme.SteadyPhotoSync" >
54-->src/main/AndroidManifest.xml:38:13-57
55            <intent-filter>
55-->src/main/AndroidManifest.xml:39:13-42:29
56                <action android:name="android.intent.action.MAIN" />
56-->src/main/AndroidManifest.xml:40:17-69
56-->src/main/AndroidManifest.xml:40:25-66
57
58                <category android:name="android.intent.category.LAUNCHER" />
58-->src/main/AndroidManifest.xml:41:17-77
58-->src/main/AndroidManifest.xml:41:27-74
59            </intent-filter>
60        </activity>
61
62        <!-- Foreground Service for background sync -->
63        <service
63-->src/main/AndroidManifest.xml:46:9-49:40
64            android:name="com.steadyphoto.sync.worker.SyncService"
64-->src/main/AndroidManifest.xml:47:13-47
65            android:exported="false"
65-->src/main/AndroidManifest.xml:49:13-37
66            android:foregroundServiceType="dataSync" />
66-->src/main/AndroidManifest.xml:48:13-53
67
68        <provider
68-->[androidx.work:work-runtime:2.9.0] AndroidManifest.xml:29:9-37:20
69            android:name="androidx.startup.InitializationProvider"
69-->[androidx.work:work-runtime:2.9.0] AndroidManifest.xml:30:13-67
70            android:authorities="com.steadyphoto.sync.debug.androidx-startup"
70-->[androidx.work:work-runtime:2.9.0] AndroidManifest.xml:31:13-68
71            android:exported="false" >
71-->[androidx.work:work-runtime:2.9.0] AndroidManifest.xml:32:13-37
72            <meta-data
72-->[androidx.work:work-runtime:2.9.0] AndroidManifest.xml:34:13-36:52
73                android:name="androidx.work.WorkManagerInitializer"
73-->[androidx.work:work-runtime:2.9.0] AndroidManifest.xml:35:17-68
74                android:value="androidx.startup" />
74-->[androidx.work:work-runtime:2.9.0] AndroidManifest.xml:36:17-49
75            <meta-data
75-->[androidx.emoji2:emoji2:1.3.0] AndroidManifest.xml:29:13-31:52
76                android:name="androidx.emoji2.text.EmojiCompatInitializer"
76-->[androidx.emoji2:emoji2:1.3.0] AndroidManifest.xml:30:17-75
77                android:value="androidx.startup" />
77-->[androidx.emoji2:emoji2:1.3.0] AndroidManifest.xml:31:17-49
78            <meta-data
78-->[androidx.lifecycle:lifecycle-process:2.7.0] AndroidManifest.xml:29:13-31:52
79                android:name="androidx.lifecycle.ProcessLifecycleInitializer"
79-->[androidx.lifecycle:lifecycle-process:2.7.0] AndroidManifest.xml:30:17-78
80                android:value="androidx.startup" />
80-->[androidx.lifecycle:lifecycle-process:2.7.0] AndroidManifest.xml:31:17-49
81            <meta-data
81-->[androidx.profileinstaller:profileinstaller:1.3.1] AndroidManifest.xml:29:13-31:52
82                android:name="androidx.profileinstaller.ProfileInstallerInitializer"
82-->[androidx.profileinstaller:profileinstaller:1.3.1] AndroidManifest.xml:30:17-85
83                android:value="androidx.startup" />
83-->[androidx.profileinstaller:profileinstaller:1.3.1] AndroidManifest.xml:31:17-49
84        </provider>
85
86        <service
86-->[androidx.work:work-runtime:2.9.0] AndroidManifest.xml:39:9-45:35
87            android:name="androidx.work.impl.background.systemalarm.SystemAlarmService"
87-->[androidx.work:work-runtime:2.9.0] AndroidManifest.xml:40:13-88
88            android:directBootAware="false"
88-->[androidx.work:work-runtime:2.9.0] AndroidManifest.xml:41:13-44
89            android:enabled="@bool/enable_system_alarm_service_default"
89-->[androidx.work:work-runtime:2.9.0] AndroidManifest.xml:42:13-72
90            android:exported="false" />
90-->[androidx.work:work-runtime:2.9.0] AndroidManifest.xml:43:13-37
91        <service
91-->[androidx.work:work-runtime:2.9.0] AndroidManifest.xml:46:9-52:35
92            android:name="androidx.work.impl.background.systemjob.SystemJobService"
92-->[androidx.work:work-runtime:2.9.0] AndroidManifest.xml:47:13-84
93            android:directBootAware="false"
93-->[androidx.work:work-runtime:2.9.0] AndroidManifest.xml:48:13-44
94            android:enabled="@bool/enable_system_job_service_default"
94-->[androidx.work:work-runtime:2.9.0] AndroidManifest.xml:49:13-70
95            android:exported="true"
95-->[androidx.work:work-runtime:2.9.0] AndroidManifest.xml:50:13-36
96            android:permission="android.permission.BIND_JOB_SERVICE" />
96-->[androidx.work:work-runtime:2.9.0] AndroidManifest.xml:51:13-69
97        <service
97-->[androidx.work:work-runtime:2.9.0] AndroidManifest.xml:53:9-59:35
98            android:name="androidx.work.impl.foreground.SystemForegroundService"
98-->[androidx.work:work-runtime:2.9.0] AndroidManifest.xml:54:13-81
99            android:directBootAware="false"
99-->[androidx.work:work-runtime:2.9.0] AndroidManifest.xml:55:13-44
100            android:enabled="@bool/enable_system_foreground_service_default"
100-->[androidx.work:work-runtime:2.9.0] AndroidManifest.xml:56:13-77
101            android:exported="false" />
101-->[androidx.work:work-runtime:2.9.0] AndroidManifest.xml:57:13-37
102
103        <receiver
103-->[androidx.work:work-runtime:2.9.0] AndroidManifest.xml:61:9-66:35
104            android:name="androidx.work.impl.utils.ForceStopRunnable$BroadcastReceiver"
104-->[androidx.work:work-runtime:2.9.0] AndroidManifest.xml:62:13-88
105            android:directBootAware="false"
105-->[androidx.work:work-runtime:2.9.0] AndroidManifest.xml:63:13-44
106            android:enabled="true"
106-->[androidx.work:work-runtime:2.9.0] AndroidManifest.xml:64:13-35
107            android:exported="false" />
107-->[androidx.work:work-runtime:2.9.0] AndroidManifest.xml:65:13-37
108        <receiver
108-->[androidx.work:work-runtime:2.9.0] AndroidManifest.xml:67:9-77:20
109            android:name="androidx.work.impl.background.systemalarm.ConstraintProxy$BatteryChargingProxy"
109-->[androidx.work:work-runtime:2.9.0] AndroidManifest.xml:68:13-106
110            android:directBootAware="false"
110-->[androidx.work:work-runtime:2.9.0] AndroidManifest.xml:69:13-44
111            android:enabled="false"
111-->[androidx.work:work-runtime:2.9.0] AndroidManifest.xml:70:13-36
112            android:exported="false" >
112-->[androidx.work:work-runtime:2.9.0] AndroidManifest.xml:71:13-37
113            <intent-filter>
113-->[androidx.work:work-runtime:2.9.0] AndroidManifest.xml:73:13-76:29
114                <action android:name="android.intent.action.ACTION_POWER_CONNECTED" />
114-->[androidx.work:work-runtime:2.9.0] AndroidManifest.xml:74:17-87
114-->[androidx.work:work-runtime:2.9.0] AndroidManifest.xml:74:25-84
115                <action android:name="android.intent.action.ACTION_POWER_DISCONNECTED" />
115-->[androidx.work:work-runtime:2.9.0] AndroidManifest.xml:75:17-90
115-->[androidx.work:work-runtime:2.9.0] AndroidManifest.xml:75:25-87
116            </intent-filter>
117        </receiver>
118        <receiver
118-->[androidx.work:work-runtime:2.9.0] AndroidManifest.xml:78:9-88:20
119            android:name="androidx.work.impl.background.systemalarm.ConstraintProxy$BatteryNotLowProxy"
119-->[androidx.work:work-runtime:2.9.0] AndroidManifest.xml:79:13-104
120            android:directBootAware="false"
120-->[androidx.work:work-runtime:2.9.0] AndroidManifest.xml:80:13-44
121            android:enabled="false"
121-->[androidx.work:work-runtime:2.9.0] AndroidManifest.xml:81:13-36
122            android:exported="false" >
122-->[androidx.work:work-runtime:2.9.0] AndroidManifest.xml:82:13-37
123            <intent-filter>
123-->[androidx.work:work-runtime:2.9.0] AndroidManifest.xml:84:13-87:29
124                <action android:name="android.intent.action.BATTERY_OKAY" />
124-->[androidx.work:work-runtime:2.9.0] AndroidManifest.xml:85:17-77
124-->[androidx.work:work-runtime:2.9.0] AndroidManifest.xml:85:25-74
125                <action android:name="android.intent.action.BATTERY_LOW" />
125-->[androidx.work:work-runtime:2.9.0] AndroidManifest.xml:86:17-76
125-->[androidx.work:work-runtime:2.9.0] AndroidManifest.xml:86:25-73
126            </intent-filter>
127        </receiver>
128        <receiver
128-->[androidx.work:work-runtime:2.9.0] AndroidManifest.xml:89:9-99:20
129            android:name="androidx.work.impl.background.systemalarm.ConstraintProxy$StorageNotLowProxy"
129-->[androidx.work:work-runtime:2.9.0] AndroidManifest.xml:90:13-104
130            android:directBootAware="false"
130-->[androidx.work:work-runtime:2.9.0] AndroidManifest.xml:91:13-44
131            android:enabled="false"
131-->[androidx.work:work-runtime:2.9.0] AndroidManifest.xml:92:13-36
132            android:exported="false" >
132-->[androidx.work:work-runtime:2.9.0] AndroidManifest.xml:93:13-37
133            <intent-filter>
133-->[androidx.work:work-runtime:2.9.0] AndroidManifest.xml:95:13-98:29
134                <action android:name="android.intent.action.DEVICE_STORAGE_LOW" />
134-->[androidx.work:work-runtime:2.9.0] AndroidManifest.xml:96:17-83
134-->[androidx.work:work-runtime:2.9.0] AndroidManifest.xml:96:25-80
135                <action android:name="android.intent.action.DEVICE_STORAGE_OK" />
135-->[androidx.work:work-runtime:2.9.0] AndroidManifest.xml:97:17-82
135-->[androidx.work:work-runtime:2.9.0] AndroidManifest.xml:97:25-79
136            </intent-filter>
137        </receiver>
138        <receiver
138-->[androidx.work:work-runtime:2.9.0] AndroidManifest.xml:100:9-109:20
139            android:name="androidx.work.impl.background.systemalarm.ConstraintProxy$NetworkStateProxy"
139-->[androidx.work:work-runtime:2.9.0] AndroidManifest.xml:101:13-103
140            android:directBootAware="false"
140-->[androidx.work:work-runtime:2.9.0] AndroidManifest.xml:102:13-44
141            android:enabled="false"
141-->[androidx.work:work-runtime:2.9.0] AndroidManifest.xml:103:13-36
142            android:exported="false" >
142-->[androidx.work:work-runtime:2.9.0] AndroidManifest.xml:104:13-37
143            <intent-filter>
143-->[androidx.work:work-runtime:2.9.0] AndroidManifest.xml:106:13-108:29
144                <action android:name="android.net.conn.CONNECTIVITY_CHANGE" />
144-->[androidx.work:work-runtime:2.9.0] AndroidManifest.xml:107:17-79
144-->[androidx.work:work-runtime:2.9.0] AndroidManifest.xml:107:25-76
145            </intent-filter>
146        </receiver>
147        <receiver
147-->[androidx.work:work-runtime:2.9.0] AndroidManifest.xml:110:9-121:20
148            android:name="androidx.work.impl.background.systemalarm.RescheduleReceiver"
148-->[androidx.work:work-runtime:2.9.0] AndroidManifest.xml:111:13-88
149            android:directBootAware="false"
149-->[androidx.work:work-runtime:2.9.0] AndroidManifest.xml:112:13-44
150            android:enabled="false"
150-->[androidx.work:work-runtime:2.9.0] AndroidManifest.xml:113:13-36
151            android:exported="false" >
151-->[androidx.work:work-runtime:2.9.0] AndroidManifest.xml:114:13-37
152            <intent-filter>
152-->[androidx.work:work-runtime:2.9.0] AndroidManifest.xml:116:13-120:29
153                <action android:name="android.intent.action.BOOT_COMPLETED" />
153-->[androidx.work:work-runtime:2.9.0] AndroidManifest.xml:117:17-79
153-->[androidx.work:work-runtime:2.9.0] AndroidManifest.xml:117:25-76
154                <action android:name="android.intent.action.TIME_SET" />
154-->[androidx.work:work-runtime:2.9.0] AndroidManifest.xml:118:17-73
154-->[androidx.work:work-runtime:2.9.0] AndroidManifest.xml:118:25-70
155                <action android:name="android.intent.action.TIMEZONE_CHANGED" />
155-->[androidx.work:work-runtime:2.9.0] AndroidManifest.xml:119:17-81
155-->[androidx.work:work-runtime:2.9.0] AndroidManifest.xml:119:25-78
156            </intent-filter>
157        </receiver>
158        <receiver
158-->[androidx.work:work-runtime:2.9.0] AndroidManifest.xml:122:9-131:20
159            android:name="androidx.work.impl.background.systemalarm.ConstraintProxyUpdateReceiver"
159-->[androidx.work:work-runtime:2.9.0] AndroidManifest.xml:123:13-99
160            android:directBootAware="false"
160-->[androidx.work:work-runtime:2.9.0] AndroidManifest.xml:124:13-44
161            android:enabled="@bool/enable_system_alarm_service_default"
161-->[androidx.work:work-runtime:2.9.0] AndroidManifest.xml:125:13-72
162            android:exported="false" >
162-->[androidx.work:work-runtime:2.9.0] AndroidManifest.xml:126:13-37
163            <intent-filter>
163-->[androidx.work:work-runtime:2.9.0] AndroidManifest.xml:128:13-130:29
164                <action android:name="androidx.work.impl.background.systemalarm.UpdateProxies" />
164-->[androidx.work:work-runtime:2.9.0] AndroidManifest.xml:129:17-98
164-->[androidx.work:work-runtime:2.9.0] AndroidManifest.xml:129:25-95
165            </intent-filter>
166        </receiver>
167        <receiver
167-->[androidx.work:work-runtime:2.9.0] AndroidManifest.xml:132:9-142:20
168            android:name="androidx.work.impl.diagnostics.DiagnosticsReceiver"
168-->[androidx.work:work-runtime:2.9.0] AndroidManifest.xml:133:13-78
169            android:directBootAware="false"
169-->[androidx.work:work-runtime:2.9.0] AndroidManifest.xml:134:13-44
170            android:enabled="true"
170-->[androidx.work:work-runtime:2.9.0] AndroidManifest.xml:135:13-35
171            android:exported="true"
171-->[androidx.work:work-runtime:2.9.0] AndroidManifest.xml:136:13-36
172            android:permission="android.permission.DUMP" >
172-->[androidx.work:work-runtime:2.9.0] AndroidManifest.xml:137:13-57
173            <intent-filter>
173-->[androidx.work:work-runtime:2.9.0] AndroidManifest.xml:139:13-141:29
174                <action android:name="androidx.work.diagnostics.REQUEST_DIAGNOSTICS" />
174-->[androidx.work:work-runtime:2.9.0] AndroidManifest.xml:140:17-88
174-->[androidx.work:work-runtime:2.9.0] AndroidManifest.xml:140:25-85
175            </intent-filter>
176        </receiver>
177
178        <activity
178-->[androidx.compose.ui:ui-test-manifest:1.6.0] AndroidManifest.xml:23:9-25:39
179            android:name="androidx.activity.ComponentActivity"
179-->[androidx.compose.ui:ui-test-manifest:1.6.0] AndroidManifest.xml:24:13-63
180            android:exported="true" />
180-->[androidx.compose.ui:ui-test-manifest:1.6.0] AndroidManifest.xml:25:13-36
181        <activity
181-->[androidx.compose.ui:ui-tooling-android:1.6.0] AndroidManifest.xml:23:9-25:39
182            android:name="androidx.compose.ui.tooling.PreviewActivity"
182-->[androidx.compose.ui:ui-tooling-android:1.6.0] AndroidManifest.xml:24:13-71
183            android:exported="true" />
183-->[androidx.compose.ui:ui-tooling-android:1.6.0] AndroidManifest.xml:25:13-36
184
185        <service
185-->[androidx.room:room-runtime:2.6.1] AndroidManifest.xml:24:9-28:63
186            android:name="androidx.room.MultiInstanceInvalidationService"
186-->[androidx.room:room-runtime:2.6.1] AndroidManifest.xml:25:13-74
187            android:directBootAware="true"
187-->[androidx.room:room-runtime:2.6.1] AndroidManifest.xml:26:13-43
188            android:exported="false" />
188-->[androidx.room:room-runtime:2.6.1] AndroidManifest.xml:27:13-37
189
190        <receiver
190-->[androidx.profileinstaller:profileinstaller:1.3.1] AndroidManifest.xml:34:9-52:20
191            android:name="androidx.profileinstaller.ProfileInstallReceiver"
191-->[androidx.profileinstaller:profileinstaller:1.3.1] AndroidManifest.xml:35:13-76
192            android:directBootAware="false"
192-->[androidx.profileinstaller:profileinstaller:1.3.1] AndroidManifest.xml:36:13-44
193            android:enabled="true"
193-->[androidx.profileinstaller:profileinstaller:1.3.1] AndroidManifest.xml:37:13-35
194            android:exported="true"
194-->[androidx.profileinstaller:profileinstaller:1.3.1] AndroidManifest.xml:38:13-36
195            android:permission="android.permission.DUMP" >
195-->[androidx.profileinstaller:profileinstaller:1.3.1] AndroidManifest.xml:39:13-57
196            <intent-filter>
196-->[androidx.profileinstaller:profileinstaller:1.3.1] AndroidManifest.xml:40:13-42:29
197                <action android:name="androidx.profileinstaller.action.INSTALL_PROFILE" />
197-->[androidx.profileinstaller:profileinstaller:1.3.1] AndroidManifest.xml:41:17-91
197-->[androidx.profileinstaller:profileinstaller:1.3.1] AndroidManifest.xml:41:25-88
198            </intent-filter>
199            <intent-filter>
199-->[androidx.profileinstaller:profileinstaller:1.3.1] AndroidManifest.xml:43:13-45:29
200                <action android:name="androidx.profileinstaller.action.SKIP_FILE" />
200-->[androidx.profileinstaller:profileinstaller:1.3.1] AndroidManifest.xml:44:17-85
200-->[androidx.profileinstaller:profileinstaller:1.3.1] AndroidManifest.xml:44:25-82
201            </intent-filter>
202            <intent-filter>
202-->[androidx.profileinstaller:profileinstaller:1.3.1] AndroidManifest.xml:46:13-48:29
203                <action android:name="androidx.profileinstaller.action.SAVE_PROFILE" />
203-->[androidx.profileinstaller:profileinstaller:1.3.1] AndroidManifest.xml:47:17-88
203-->[androidx.profileinstaller:profileinstaller:1.3.1] AndroidManifest.xml:47:25-85
204            </intent-filter>
205            <intent-filter>
205-->[androidx.profileinstaller:profileinstaller:1.3.1] AndroidManifest.xml:49:13-51:29
206                <action android:name="androidx.profileinstaller.action.BENCHMARK_OPERATION" />
206-->[androidx.profileinstaller:profileinstaller:1.3.1] AndroidManifest.xml:50:17-95
206-->[androidx.profileinstaller:profileinstaller:1.3.1] AndroidManifest.xml:50:25-92
207            </intent-filter>
208        </receiver>
209
210        <meta-data
210-->[com.google.android.gms:play-services-basement:16.0.1] AndroidManifest.xml:23:9-25:69
211            android:name="com.google.android.gms.version"
211-->[com.google.android.gms:play-services-basement:16.0.1] AndroidManifest.xml:24:13-58
212            android:value="@integer/google_play_services_version" />
212-->[com.google.android.gms:play-services-basement:16.0.1] AndroidManifest.xml:25:13-66
213    </application>
214
215</manifest>